#
# There is insufficient memory for the Java Runtime Environment to continue.
# Native memory allocation (malloc) failed to allocate 1531376 bytes for Chunk::new
# Possible reasons:
#   The system is out of physical RAM or swap space
#   The process is running with CompressedOops enabled, and the Java Heap may be blocking the growth of the native heap
# Possible solutions:
#   Reduce memory load on the system
#   Increase physical memory or swap space
#   Check if swap backing store is full
#   Decrease Java heap size (-Xmx/-Xms)
#   Decrease number of Java threads
#   Decrease Java thread stack sizes (-Xss)
#   Set larger code cache with -XX:ReservedCodeCacheSize=
#   JVM is running with Unscaled Compressed Oops mode in which the Java heap is
#     placed in the first 4GB address space. The Java Heap base address is the
#     maximum limit for the native heap growth. Please use -XX:HeapBaseMinAddress
#     to set the Java Heap base and to place the Java Heap above 4GB virtual address.
# This output file may be truncated or incomplete.
#
#  Out of Memory Error (./src/hotspot/share/memory/arena.cpp:197), pid=5820, tid=6640
#
# JRE version: OpenJDK Runtime Environment (11.0.10) (build 11.0.10+0-b96-7249189)
# Java VM: OpenJDK 64-Bit Server VM (11.0.10+0-b96-7249189, mixed mode, tiered, compressed oops, g1 gc, windows-amd64)
# No core dump will be written. Minidumps are not enabled by default on client versions of Windows
#

---------------  S U M M A R Y ------------

Command Line: --add-opens=java.base/java.util=ALL-UNNAMED --add-opens=java.base/java.lang=ALL-UNNAMED --add-opens=java.base/java.lang.invoke=ALL-UNNAMED --add-opens=java.base/java.util=ALL-UNNAMED --add-opens=java.prefs/java.util.prefs=ALL-UNNAMED --add-opens=java.prefs/java.util.prefs=ALL-UNNAMED --add-opens=java.base/java.nio.charset=ALL-UNNAMED --add-opens=java.base/java.net=ALL-UNNAMED --add-opens=java.base/java.util.concurrent.atomic=ALL-UNNAMED -Xmx2048m -Dfile.encoding=UTF-8 -Duser.country=US -Duser.language=en -Duser.variant org.gradle.launcher.daemon.bootstrap.GradleDaemon 7.0.2

Host: Intel(R) Core(TM) i5-6300U CPU @ 2.40GHz, 4 cores, 7G,  Windows 10 , 64 bit Build 19041 (10.0.19041.1348)
Time: Thu Jan 13 08:16:47 2022 India Standard Time elapsed time: 44.708993 seconds (0d 0h 0m 44s)

---------------  T H R E A D  ---------------

Current thread (0x000001d79d51d800):  JavaThread "C2 CompilerThread0" daemon [_thread_in_native, id=6640, stack(0x00000077c2c00000,0x00000077c2d00000)]


Current CompileTask:
C2:  44709 10752       4       java.lang.reflect.Method::invoke (65 bytes)

Stack: [0x00000077c2c00000,0x00000077c2d00000]
Native frames: (J=compiled Java code, j=interpreted, Vv=VM code, C=native code)
V  [jvm.dll+0x5ecfaa]
V  [jvm.dll+0x722bd5]
V  [jvm.dll+0x72412d]
V  [jvm.dll+0x7247e3]
V  [jvm.dll+0x242928]
V  [jvm.dll+0xbc4fc]
V  [jvm.dll+0xbca0c]
V  [jvm.dll+0x352d3b]
V  [jvm.dll+0x320ad3]
V  [jvm.dll+0x31ffca]
V  [jvm.dll+0x1fb602]
V  [jvm.dll+0x1fa7f4]
V  [jvm.dll+0x18354c]
V  [jvm.dll+0x208ee7]
V  [jvm.dll+0x207731]
V  [jvm.dll+0x6eb1cf]
V  [jvm.dll+0x6e3d45]
V  [jvm.dll+0x5ebe96]
C  [ucrtbase.dll+0x21bb2]
C  [KERNEL32.DLL+0x17034]
C  [ntdll.dll+0x52651]


---------------  P R O C E S S  ---------------

Threads class SMR info:
_java_thread_list=0x000001d7a5e84340, length=52, elements={
0x000001d7819b9800, 0x000001d79d4ec800, 0x000001d79d4f0800, 0x000001d79de82800,
0x000001d79d518800, 0x000001d79d51b000, 0x000001d79d51d800, 0x000001d79d522800,
0x000001d79d533000, 0x000001d79dfcc800, 0x000001d79f206000, 0x000001d7a0a1b800,
0x000001d7a0f9a800, 0x000001d7a0fb3800, 0x000001d7a0fb4000, 0x000001d79e584800,
0x000001d79e585000, 0x000001d7a14e1800, 0x000001d7a0deb000, 0x000001d7a0aa0800,
0x000001d7a0a9d000, 0x000001d7a0a9c000, 0x000001d7a0a9e000, 0x000001d7a0aa2000,
0x000001d7a0aa1000, 0x000001d7a0aa2800, 0x000001d7a0a9e800, 0x000001d7a0a9f800,
0x000001d7a1aad800, 0x000001d7a1aae000, 0x000001d7a1ab0000, 0x000001d7a1ab0800,
0x000001d7a1ab1800, 0x000001d7a1ab2800, 0x000001d7a1aac800, 0x000001d7a1ab5000,
0x000001d7a1ab5800, 0x000001d7a1ab7000, 0x000001d7a1ab6800, 0x000001d7a1ab8000,
0x000001d7a1ab9000, 0x000001d7a1ab3000, 0x000001d7a1ab4000, 0x000001d7a1aba800,
0x000001d7a16a5800, 0x000001d7a16a8000, 0x000001d7a16a7800, 0x000001d7a16a9000,
0x000001d7a16a3000, 0x000001d7a16aa000, 0x000001d7a16a6800, 0x000001d7a16aa800
}

Java Threads: ( => current thread )
  0x000001d7819b9800 JavaThread "main" [_thread_blocked, id=1276, stack(0x00000077c2000000,0x00000077c2100000)]
  0x000001d79d4ec800 JavaThread "Reference Handler" daemon [_thread_blocked, id=11040, stack(0x00000077c2700000,0x00000077c2800000)]
  0x000001d79d4f0800 JavaThread "Finalizer" daemon [_thread_blocked, id=9168, stack(0x00000077c2800000,0x00000077c2900000)]
  0x000001d79de82800 JavaThread "Signal Dispatcher" daemon [_thread_blocked, id=9412, stack(0x00000077c2900000,0x00000077c2a00000)]
  0x000001d79d518800 JavaThread "Attach Listener" daemon [_thread_blocked, id=7276, stack(0x00000077c2a00000,0x00000077c2b00000)]
  0x000001d79d51b000 JavaThread "Service Thread" daemon [_thread_blocked, id=12416, stack(0x00000077c2b00000,0x00000077c2c00000)]
=>0x000001d79d51d800 JavaThread "C2 CompilerThread0" daemon [_thread_in_native, id=6640, stack(0x00000077c2c00000,0x00000077c2d00000)]
  0x000001d79d522800 JavaThread "C1 CompilerThread0" daemon [_thread_blocked, id=12428, stack(0x00000077c2d00000,0x00000077c2e00000)]
  0x000001d79d533000 JavaThread "Sweeper thread" daemon [_thread_blocked, id=11172, stack(0x00000077c2e00000,0x00000077c2f00000)]
  0x000001d79dfcc800 JavaThread "Common-Cleaner" daemon [_thread_blocked, id=4744, stack(0x00000077c2f00000,0x00000077c3000000)]
  0x000001d79f206000 JavaThread "Daemon health stats" [_thread_blocked, id=7948, stack(0x00000077c3400000,0x00000077c3500000)]
  0x000001d7a0a1b800 JavaThread "Incoming local TCP Connector on port 50445" [_thread_in_native, id=1404, stack(0x00000077c3100000,0x00000077c3200000)]
  0x000001d7a0f9a800 JavaThread "Daemon periodic checks" [_thread_blocked, id=1760, stack(0x00000077c3500000,0x00000077c3600000)]
  0x000001d7a0fb3800 JavaThread "Daemon" [_thread_blocked, id=4620, stack(0x00000077c3600000,0x00000077c3700000)]
  0x000001d7a0fb4000 JavaThread "Handler for socket connection from /127.0.0.1:50445 to /127.0.0.1:50446" [_thread_in_native, id=804, stack(0x00000077c3700000,0x00000077c3800000)]
  0x000001d79e584800 JavaThread "Cancel handler" [_thread_blocked, id=4052, stack(0x00000077c3800000,0x00000077c3900000)]
  0x000001d79e585000 JavaThread "Daemon worker" [_thread_in_Java, id=6212, stack(0x00000077c3900000,0x00000077c3a00000)]
  0x000001d7a14e1800 JavaThread "Asynchronous log dispatcher for DefaultDaemonConnection: socket connection from /127.0.0.1:50445 to /127.0.0.1:50446" [_thread_blocked, id=9980, stack(0x00000077c3a00000,0x00000077c3b00000)]
  0x000001d7a0deb000 JavaThread "Stdin handler" [_thread_blocked, id=9740, stack(0x00000077c3b00000,0x00000077c3c00000)]
  0x000001d7a0aa0800 JavaThread "Daemon client event forwarder" [_thread_blocked, id=9488, stack(0x00000077c3c00000,0x00000077c3d00000)]
  0x000001d7a0a9d000 JavaThread "Cache worker for file hash cache (C:\Users\ak47j\.gradle\caches\7.0.2\fileHashes)" [_thread_blocked, id=10588, stack(0x00000077c3e00000,0x00000077c3f00000)]
  0x000001d7a0a9c000 JavaThread "File lock request listener" [_thread_in_native, id=11760, stack(0x00000077c3f00000,0x00000077c4000000)]
  0x000001d7a0a9e000 JavaThread "Cache worker for journal cache (C:\Users\ak47j\.gradle\caches\journal-1)" [_thread_blocked, id=8876, stack(0x00000077c4000000,0x00000077c4100000)]
  0x000001d7a0aa2000 JavaThread "Cache worker for file hash cache (E:\ChatMe\.gradle\7.0.2\fileHashes)" [_thread_blocked, id=12224, stack(0x00000077c4100000,0x00000077c4200000)]
  0x000001d7a0aa1000 JavaThread "File watcher server" daemon [_thread_in_native, id=6168, stack(0x00000077c4200000,0x00000077c4300000)]
  0x000001d7a0aa2800 JavaThread "File watcher consumer" daemon [_thread_blocked, id=13032, stack(0x00000077c4300000,0x00000077c4400000)]
  0x000001d7a0a9e800 JavaThread "Cache worker for checksums cache (E:\ChatMe\.gradle\checksums)" [_thread_blocked, id=13064, stack(0x00000077c4400000,0x00000077c4500000)]
  0x000001d7a0a9f800 JavaThread "Cache worker for cache directory md-supplier (C:\Users\ak47j\.gradle\caches\7.0.2\md-supplier)" [_thread_blocked, id=6596, stack(0x00000077c4500000,0x00000077c4600000)]
  0x000001d7a1aad800 JavaThread "Cache worker for cache directory md-rule (C:\Users\ak47j\.gradle\caches\7.0.2\md-rule)" [_thread_blocked, id=9548, stack(0x00000077c4700000,0x00000077c4800000)]
  0x000001d7a1aae000 JavaThread "Cache worker for execution history cache (C:\Users\ak47j\.gradle\caches\7.0.2\executionHistory)" [_thread_blocked, id=11648, stack(0x00000077c4800000,0x00000077c4900000)]
  0x000001d7a1ab0000 JavaThread "jar transforms" [_thread_blocked, id=6172, stack(0x00000077c4900000,0x00000077c4a00000)]
  0x000001d7a1ab0800 JavaThread "jar transforms Thread 2" [_thread_blocked, id=7400, stack(0x00000077c4a00000,0x00000077c4b00000)]
  0x000001d7a1ab1800 JavaThread "Cache worker for file content cache (C:\Users\ak47j\.gradle\caches\7.0.2\fileContent)" [_thread_blocked, id=10388, stack(0x00000077c4b00000,0x00000077c4c00000)]
  0x000001d7a1ab2800 JavaThread "Cache worker for dependencies-accessors (E:\ChatMe\.gradle\7.0.2\dependencies-accessors)" [_thread_blocked, id=12324, stack(0x00000077c4c00000,0x00000077c4d00000)]
  0x000001d7a1aac800 JavaThread "jar transforms Thread 3" [_thread_blocked, id=7756, stack(0x00000077c4d00000,0x00000077c4e00000)]
  0x000001d7a1ab5000 JavaThread "Cache worker for Build Output Cleanup Cache (E:\ChatMe\.gradle\buildOutputCleanup)" [_thread_blocked, id=11484, stack(0x00000077c4e00000,0x00000077c4f00000)]
  0x000001d7a1ab5800 JavaThread "Build operations" [_thread_blocked, id=10072, stack(0x00000077c4600000,0x00000077c4700000)]
  0x000001d7a1ab7000 JavaThread "Build operations Thread 2" [_thread_blocked, id=11052, stack(0x00000077c4f00000,0x00000077c5000000)]
  0x000001d7a1ab6800 JavaThread "Build operations Thread 3" [_thread_blocked, id=11548, stack(0x00000077c5000000,0x00000077c5100000)]
  0x000001d7a1ab8000 JavaThread "Build operations Thread 4" [_thread_blocked, id=9228, stack(0x00000077c5100000,0x00000077c5200000)]
  0x000001d7a1ab9000 JavaThread "jar transforms Thread 4" [_thread_blocked, id=1692, stack(0x00000077c5200000,0x00000077c5300000)]
  0x000001d7a1ab3000 JavaThread "Memory manager" [_thread_blocked, id=10360, stack(0x00000077c5400000,0x00000077c5500000)]
  0x000001d7a1ab4000 JavaThread "build event listener" [_thread_blocked, id=10548, stack(0x00000077c5500000,0x00000077c5600000)]
  0x000001d7a1aba800 JavaThread "pool-3-thread-1" [_thread_blocked, id=956, stack(0x00000077c5600000,0x00000077c5700000)]
  0x000001d7a16a5800 JavaThread "build event listener" [_thread_blocked, id=5676, stack(0x00000077c5700000,0x00000077c5800000)]
  0x000001d7a16a8000 JavaThread "Execution worker for ':'" [_thread_blocked, id=10916, stack(0x00000077c5800000,0x00000077c5900000)]
  0x000001d7a16a7800 JavaThread "Execution worker for ':' Thread 2" [_thread_blocked, id=13208, stack(0x00000077c5900000,0x00000077c5a00000)]
  0x000001d7a16a9000 JavaThread "Execution worker for ':' Thread 3" [_thread_blocked, id=2084, stack(0x00000077c5a00000,0x00000077c5b00000)]
  0x000001d7a16a3000 JavaThread "Cache worker for execution history cache (E:\ChatMe\.gradle\7.0.2\executionHistory)" [_thread_blocked, id=3236, stack(0x00000077c5b00000,0x00000077c5c00000)]
  0x000001d7a16aa000 JavaThread "WorkerExecutor Queue" [_thread_blocked, id=9072, stack(0x00000077c5e00000,0x00000077c5f00000)]
  0x000001d7a16a6800 JavaThread "WorkerExecutor Queue Thread 2" [_thread_blocked, id=4816, stack(0x00000077c5f00000,0x00000077c6000000)]
  0x000001d7a16aa800 JavaThread "WorkerExecutor Queue Thread 4" [_thread_blocked, id=5812, stack(0x00000077c6100000,0x00000077c6200000)]

Other Threads:
  0x000001d79d4e6000 VMThread "VM Thread" [stack: 0x00000077c2600000,0x00000077c2700000] [id=4988]
  0x000001d79dfd8000 WatcherThread [stack: 0x00000077c3000000,0x00000077c3100000] [id=8180]
  0x000001d7819d2800 GCTaskThread "GC Thread#0" [stack: 0x00000077c2100000,0x00000077c2200000] [id=6080]
  0x000001d79e4b1000 GCTaskThread "GC Thread#1" [stack: 0x00000077c3200000,0x00000077c3300000] [id=7144]
  0x000001d79e619000 GCTaskThread "GC Thread#2" [stack: 0x00000077c3300000,0x00000077c3400000] [id=9724]
  0x000001d7a0e15000 GCTaskThread "GC Thread#3" [stack: 0x00000077c3d00000,0x00000077c3e00000] [id=11776]
  0x000001d781a05800 ConcurrentGCThread "G1 Main Marker" [stack: 0x00000077c2200000,0x00000077c2300000] [id=9880]
  0x000001d781a06800 ConcurrentGCThread "G1 Conc#0" [stack: 0x00000077c2300000,0x00000077c2400000] [id=7252]
  0x000001d781a93800 ConcurrentGCThread "G1 Refine#0" [stack: 0x00000077c2400000,0x00000077c2500000] [id=7436]
  0x000001d781a94800 ConcurrentGCThread "G1 Young RemSet Sampling" [stack: 0x00000077c2500000,0x00000077c2600000] [id=7312]

Threads with active compile tasks:
C2 CompilerThread0  44775 10752       4       java.lang.reflect.Method::invoke (65 bytes)

VM state:not at safepoint (normal execution)

VM Mutex/Monitor currently owned by a thread: None

Heap address: 0x0000000080000000, size: 2048 MB, Compressed Oops mode: 32-bit
Narrow klass base: 0x0000000000000000, Narrow klass shift: 3
Compressed class space size: 1073741824 Address: 0x0000000100000000

Heap:
 garbage-first heap   total 157696K, used 93479K [0x0000000080000000, 0x0000000100000000)
  region size 1024K, 12 young (12288K), 1 survivors (1024K)
 Metaspace       used 90169K, capacity 92374K, committed 92492K, reserved 1130496K
  class space    used 11497K, capacity 12281K, committed 12364K, reserved 1048576K
Heap Regions: E=young(eden), S=young(survivor), O=old, HS=humongous(starts), HC=humongous(continues), CS=collection set, F=free, A=archive, TAMS=top-at-mark-start (previous, next)
|   0|0x0000000080000000, 0x0000000080100000, 0x0000000080100000|100%| O|  |TAMS 0x0000000080100000, 0x0000000080000000| Updating 
|   1|0x0000000080100000, 0x0000000080200000, 0x0000000080200000|100%| O|  |TAMS 0x0000000080200000, 0x0000000080100000| Updating 
|   2|0x0000000080200000, 0x0000000080300000, 0x0000000080300000|100%| O|  |TAMS 0x0000000080300000, 0x0000000080200000| Updating 
|   3|0x0000000080300000, 0x0000000080400000, 0x0000000080400000|100%|HS|  |TAMS 0x0000000080400000, 0x0000000080300000| Complete 
|   4|0x0000000080400000, 0x0000000080500000, 0x0000000080500000|100%|HC|  |TAMS 0x0000000080500000, 0x0000000080400000| Complete 
|   5|0x0000000080500000, 0x0000000080600000, 0x0000000080600000|100%|HC|  |TAMS 0x0000000080600000, 0x0000000080500000| Complete 
|   6|0x0000000080600000, 0x0000000080700000, 0x0000000080700000|100%| O|  |TAMS 0x0000000080700000, 0x0000000080600000| Updating 
|   7|0x0000000080700000, 0x0000000080800000, 0x0000000080800000|100%| O|  |TAMS 0x0000000080800000, 0x0000000080700000| Updating 
|   8|0x0000000080800000, 0x0000000080900000, 0x0000000080900000|100%| O|  |TAMS 0x0000000080900000, 0x0000000080800000| Updating 
|   9|0x0000000080900000, 0x0000000080a00000, 0x0000000080a00000|100%| O|  |TAMS 0x0000000080a00000, 0x0000000080900000| Updating 
|  10|0x0000000080a00000, 0x0000000080b00000, 0x0000000080b00000|100%| O|  |TAMS 0x0000000080b00000, 0x0000000080a00000| Updating 
|  11|0x0000000080b00000, 0x0000000080c00000, 0x0000000080c00000|100%| O|  |TAMS 0x0000000080c00000, 0x0000000080b00000| Updating 
|  12|0x0000000080c00000, 0x0000000080d00000, 0x0000000080d00000|100%| O|  |TAMS 0x0000000080d00000, 0x0000000080c00000| Updating 
|  13|0x0000000080d00000, 0x0000000080e00000, 0x0000000080e00000|100%| O|  |TAMS 0x0000000080e00000, 0x0000000080d00000| Updating 
|  14|0x0000000080e00000, 0x0000000080f00000, 0x0000000080f00000|100%| O|  |TAMS 0x0000000080f00000, 0x0000000080e00000| Updating 
|  15|0x0000000080f00000, 0x0000000081000000, 0x0000000081000000|100%|HS|  |TAMS 0x0000000081000000, 0x0000000080f00000| Complete 
|  16|0x0000000081000000, 0x0000000081100000, 0x0000000081100000|100%| O|  |TAMS 0x0000000081100000, 0x0000000081000000| Updating 
|  17|0x0000000081100000, 0x0000000081200000, 0x0000000081200000|100%| O|  |TAMS 0x0000000081200000, 0x0000000081100000| Updating 
|  18|0x0000000081200000, 0x0000000081300000, 0x0000000081300000|100%| O|  |TAMS 0x0000000081300000, 0x0000000081200000| Updating 
|  19|0x0000000081300000, 0x0000000081400000, 0x0000000081400000|100%| O|  |TAMS 0x0000000081400000, 0x0000000081300000| Updating 
|  20|0x0000000081400000, 0x0000000081500000, 0x0000000081500000|100%| O|  |TAMS 0x0000000081500000, 0x0000000081400000| Updating 
|  21|0x0000000081500000, 0x0000000081600000, 0x0000000081600000|100%| O|  |TAMS 0x0000000081600000, 0x0000000081500000| Updating 
|  22|0x0000000081600000, 0x0000000081700000, 0x0000000081700000|100%| O|  |TAMS 0x0000000081700000, 0x0000000081600000| Updating 
|  23|0x0000000081700000, 0x0000000081800000, 0x0000000081800000|100%| O|  |TAMS 0x0000000081800000, 0x0000000081700000| Updating 
|  24|0x0000000081800000, 0x0000000081900000, 0x0000000081900000|100%| O|  |TAMS 0x0000000081900000, 0x0000000081800000| Updating 
|  25|0x0000000081900000, 0x0000000081a00000, 0x0000000081a00000|100%| O|  |TAMS 0x0000000081a00000, 0x0000000081900000| Updating 
|  26|0x0000000081a00000, 0x0000000081b00000, 0x0000000081b00000|100%| O|  |TAMS 0x0000000081b00000, 0x0000000081a00000| Updating 
|  27|0x0000000081b00000, 0x0000000081c00000, 0x0000000081c00000|100%|HS|  |TAMS 0x0000000081c00000, 0x0000000081b00000| Complete 
|  28|0x0000000081c00000, 0x0000000081d00000, 0x0000000081d00000|100%|HS|  |TAMS 0x0000000081d00000, 0x0000000081c00000| Complete 
|  29|0x0000000081d00000, 0x0000000081e00000, 0x0000000081e00000|100%|HC|  |TAMS 0x0000000081e00000, 0x0000000081d00000| Complete 
|  30|0x0000000081e00000, 0x0000000081f00000, 0x0000000081f00000|100%| O|  |TAMS 0x0000000081f00000, 0x0000000081e00000| Updating 
|  31|0x0000000081f00000, 0x0000000082000000, 0x0000000082000000|100%| O|  |TAMS 0x0000000082000000, 0x0000000081f00000| Updating 
|  32|0x0000000082000000, 0x0000000082100000, 0x0000000082100000|100%| O|  |TAMS 0x0000000082100000, 0x0000000082000000| Updating 
|  33|0x0000000082100000, 0x0000000082200000, 0x0000000082200000|100%| O|  |TAMS 0x0000000082200000, 0x0000000082100000| Updating 
|  34|0x0000000082200000, 0x0000000082300000, 0x0000000082300000|100%| O|  |TAMS 0x0000000082300000, 0x0000000082200000| Updating 
|  35|0x0000000082300000, 0x0000000082400000, 0x0000000082400000|100%| O|  |TAMS 0x0000000082400000, 0x0000000082300000| Updating 
|  36|0x0000000082400000, 0x0000000082500000, 0x0000000082500000|100%| O|  |TAMS 0x0000000082500000, 0x0000000082400000| Updating 
|  37|0x0000000082500000, 0x0000000082600000, 0x0000000082600000|100%| O|  |TAMS 0x0000000082600000, 0x0000000082500000| Updating 
|  38|0x0000000082600000, 0x0000000082700000, 0x0000000082700000|100%| O|  |TAMS 0x0000000082700000, 0x0000000082600000| Updating 
|  39|0x0000000082700000, 0x0000000082800000, 0x0000000082800000|100%| O|  |TAMS 0x0000000082800000, 0x0000000082700000| Updating 
|  40|0x0000000082800000, 0x0000000082900000, 0x0000000082900000|100%| O|  |TAMS 0x0000000082900000, 0x0000000082800000| Updating 
|  41|0x0000000082900000, 0x0000000082a00000, 0x0000000082a00000|100%| O|  |TAMS 0x0000000082a00000, 0x0000000082900000| Updating 
|  42|0x0000000082a00000, 0x0000000082b00000, 0x0000000082b00000|100%| O|  |TAMS 0x0000000082b00000, 0x0000000082a00000| Updating 
|  43|0x0000000082b00000, 0x0000000082c00000, 0x0000000082c00000|100%| O|  |TAMS 0x0000000082c00000, 0x0000000082b00000| Updating 
|  44|0x0000000082c00000, 0x0000000082d00000, 0x0000000082d00000|100%| O|  |TAMS 0x0000000082d00000, 0x0000000082c00000| Updating 
|  45|0x0000000082d00000, 0x0000000082e00000, 0x0000000082e00000|100%| O|  |TAMS 0x0000000082e00000, 0x0000000082d00000| Updating 
|  46|0x0000000082e00000, 0x0000000082f00000, 0x0000000082f00000|100%| O|  |TAMS 0x0000000082f00000, 0x0000000082e00000| Updating 
|  47|0x0000000082f00000, 0x0000000083000000, 0x0000000083000000|100%| O|  |TAMS 0x0000000083000000, 0x0000000082f00000| Updating 
|  48|0x0000000083000000, 0x0000000083100000, 0x0000000083100000|100%| O|  |TAMS 0x0000000083100000, 0x0000000083000000| Updating 
|  49|0x0000000083100000, 0x0000000083200000, 0x0000000083200000|100%| O|  |TAMS 0x0000000083200000, 0x0000000083100000| Updating 
|  50|0x0000000083200000, 0x0000000083300000, 0x0000000083300000|100%| O|  |TAMS 0x0000000083300000, 0x0000000083200000| Updating 
|  51|0x0000000083300000, 0x0000000083400000, 0x0000000083400000|100%| O|  |TAMS 0x0000000083400000, 0x0000000083300000| Updating 
|  52|0x0000000083400000, 0x0000000083400000, 0x0000000083500000|  0%| F|  |TAMS 0x0000000083400000, 0x0000000083400000| Untracked 
|  53|0x0000000083500000, 0x0000000083600000, 0x0000000083600000|100%| O|  |TAMS 0x0000000083600000, 0x0000000083500000| Updating 
|  54|0x0000000083600000, 0x0000000083700000, 0x0000000083700000|100%| O|  |TAMS 0x0000000083700000, 0x0000000083600000| Updating 
|  55|0x0000000083700000, 0x0000000083800000, 0x0000000083800000|100%| O|  |TAMS 0x0000000083800000, 0x0000000083700000| Updating 
|  56|0x0000000083800000, 0x0000000083900000, 0x0000000083900000|100%| O|  |TAMS 0x0000000083900000, 0x0000000083800000| Updating 
|  57|0x0000000083900000, 0x0000000083a00000, 0x0000000083a00000|100%| O|  |TAMS 0x0000000083a00000, 0x0000000083900000| Updating 
|  58|0x0000000083a00000, 0x0000000083b00000, 0x0000000083b00000|100%| O|  |TAMS 0x0000000083b00000, 0x0000000083a00000| Updating 
|  59|0x0000000083b00000, 0x0000000083c00000, 0x0000000083c00000|100%| O|  |TAMS 0x0000000083c00000, 0x0000000083b00000| Updating 
|  60|0x0000000083c00000, 0x0000000083d00000, 0x0000000083d00000|100%| O|  |TAMS 0x0000000083d00000, 0x0000000083c00000| Updating 
|  61|0x0000000083d00000, 0x0000000083e00000, 0x0000000083e00000|100%| O|  |TAMS 0x0000000083e00000, 0x0000000083d00000| Updating 
|  62|0x0000000083e00000, 0x0000000083f00000, 0x0000000083f00000|100%| O|  |TAMS 0x0000000083f00000, 0x0000000083e00000| Updating 
|  63|0x0000000083f00000, 0x0000000084000000, 0x0000000084000000|100%| O|  |TAMS 0x0000000084000000, 0x0000000083f00000| Updating 
|  64|0x0000000084000000, 0x0000000084100000, 0x0000000084100000|100%| O|  |TAMS 0x0000000084100000, 0x0000000084000000| Updating 
|  65|0x0000000084100000, 0x0000000084200000, 0x0000000084200000|100%| O|  |TAMS 0x0000000084200000, 0x0000000084100000| Updating 
|  66|0x0000000084200000, 0x0000000084300000, 0x0000000084300000|100%| O|  |TAMS 0x0000000084300000, 0x0000000084200000| Updating 
|  67|0x0000000084300000, 0x0000000084400000, 0x0000000084400000|100%| O|  |TAMS 0x0000000084400000, 0x0000000084300000| Updating 
|  68|0x0000000084400000, 0x0000000084500000, 0x0000000084500000|100%| O|  |TAMS 0x0000000084500000, 0x0000000084400000| Updating 
|  69|0x0000000084500000, 0x0000000084600000, 0x0000000084600000|100%| O|  |TAMS 0x0000000084600000, 0x0000000084500000| Updating 
|  70|0x0000000084600000, 0x0000000084700000, 0x0000000084700000|100%| O|  |TAMS 0x0000000084700000, 0x0000000084600000| Updating 
|  71|0x0000000084700000, 0x0000000084800000, 0x0000000084800000|100%| O|  |TAMS 0x0000000084800000, 0x0000000084700000| Updating 
|  72|0x0000000084800000, 0x0000000084900000, 0x0000000084900000|100%| O|  |TAMS 0x0000000084900000, 0x0000000084800000| Updating 
|  73|0x0000000084900000, 0x0000000084900000, 0x0000000084a00000|  0%| F|  |TAMS 0x0000000084900000, 0x0000000084900000| Untracked 
|  74|0x0000000084a00000, 0x0000000084a00000, 0x0000000084b00000|  0%| F|  |TAMS 0x0000000084a00000, 0x0000000084a00000| Untracked 
|  75|0x0000000084b00000, 0x0000000084b00000, 0x0000000084c00000|  0%| F|  |TAMS 0x0000000084b00000, 0x0000000084b00000| Untracked 
|  76|0x0000000084c00000, 0x0000000084c00000, 0x0000000084d00000|  0%| F|  |TAMS 0x0000000084c00000, 0x0000000084c00000| Untracked 
|  77|0x0000000084d00000, 0x0000000084e00000, 0x0000000084e00000|100%| O|  |TAMS 0x0000000084e00000, 0x0000000084d00000| Updating 
|  78|0x0000000084e00000, 0x0000000084e00000, 0x0000000084f00000|  0%| F|  |TAMS 0x0000000084e00000, 0x0000000084e00000| Untracked 
|  79|0x0000000084f00000, 0x0000000084f00000, 0x0000000085000000|  0%| F|  |TAMS 0x0000000084f00000, 0x0000000084f00000| Untracked 
|  80|0x0000000085000000, 0x0000000085100000, 0x0000000085100000|100%| O|  |TAMS 0x0000000085100000, 0x0000000085000000| Updating 
|  81|0x0000000085100000, 0x0000000085100000, 0x0000000085200000|  0%| F|  |TAMS 0x0000000085100000, 0x0000000085100000| Untracked 
|  82|0x0000000085200000, 0x0000000085200000, 0x0000000085300000|  0%| F|  |TAMS 0x0000000085200000, 0x0000000085200000| Untracked 
|  83|0x0000000085300000, 0x0000000085300000, 0x0000000085400000|  0%| F|  |TAMS 0x0000000085300000, 0x0000000085300000| Untracked 
|  84|0x0000000085400000, 0x0000000085400000, 0x0000000085500000|  0%| F|  |TAMS 0x0000000085400000, 0x0000000085400000| Untracked 
|  85|0x0000000085500000, 0x0000000085600000, 0x0000000085600000|100%| O|  |TAMS 0x0000000085600000, 0x0000000085500000| Updating 
|  86|0x0000000085600000, 0x0000000085700000, 0x0000000085700000|100%| O|  |TAMS 0x0000000085700000, 0x0000000085600000| Updating 
|  87|0x0000000085700000, 0x0000000085800000, 0x0000000085800000|100%| O|  |TAMS 0x0000000085800000, 0x0000000085700000| Updating 
|  88|0x0000000085800000, 0x0000000085800000, 0x0000000085900000|  0%| F|  |TAMS 0x0000000085800000, 0x0000000085800000| Untracked 
|  89|0x0000000085900000, 0x0000000085a00000, 0x0000000085a00000|100%| O|  |TAMS 0x0000000085a00000, 0x0000000085900000| Updating 
|  90|0x0000000085a00000, 0x0000000085a7a400, 0x0000000085b00000| 47%| O|  |TAMS 0x0000000085a7a400, 0x0000000085a00000| Updating 
|  91|0x0000000085b00000, 0x0000000085b00000, 0x0000000085c00000|  0%| F|  |TAMS 0x0000000085b00000, 0x0000000085b00000| Untracked 
|  92|0x0000000085c00000, 0x0000000085d00000, 0x0000000085d00000|100%| O|  |TAMS 0x0000000085d00000, 0x0000000085c00000| Updating 
|  93|0x0000000085d00000, 0x0000000085d00000, 0x0000000085e00000|  0%| F|  |TAMS 0x0000000085d00000, 0x0000000085d00000| Untracked 
|  94|0x0000000085e00000, 0x0000000085e00000, 0x0000000085f00000|  0%| F|  |TAMS 0x0000000085e00000, 0x0000000085e00000| Untracked 
|  95|0x0000000085f00000, 0x0000000086000000, 0x0000000086000000|100%| O|  |TAMS 0x0000000086000000, 0x0000000085f00000| Updating 
|  96|0x0000000086000000, 0x0000000086000000, 0x0000000086100000|  0%| F|  |TAMS 0x0000000086000000, 0x0000000086000000| Untracked 
|  97|0x0000000086100000, 0x0000000086100000, 0x0000000086200000|  0%| F|  |TAMS 0x0000000086100000, 0x0000000086100000| Untracked 
|  98|0x0000000086200000, 0x0000000086200000, 0x0000000086300000|  0%| F|  |TAMS 0x0000000086200000, 0x0000000086200000| Untracked 
|  99|0x0000000086300000, 0x0000000086300000, 0x0000000086400000|  0%| F|  |TAMS 0x0000000086300000, 0x0000000086300000| Untracked 
| 100|0x0000000086400000, 0x0000000086400000, 0x0000000086500000|  0%| F|  |TAMS 0x0000000086400000, 0x0000000086400000| Untracked 
| 101|0x0000000086500000, 0x0000000086500000, 0x0000000086600000|  0%| F|  |TAMS 0x0000000086500000, 0x0000000086500000| Untracked 
| 102|0x0000000086600000, 0x0000000086600000, 0x0000000086700000|  0%| F|  |TAMS 0x0000000086600000, 0x0000000086600000| Untracked 
| 103|0x0000000086700000, 0x0000000086700000, 0x0000000086800000|  0%| F|  |TAMS 0x0000000086700000, 0x0000000086700000| Untracked 
| 104|0x0000000086800000, 0x0000000086800000, 0x0000000086900000|  0%| F|  |TAMS 0x0000000086800000, 0x0000000086800000| Untracked 
| 105|0x0000000086900000, 0x0000000086900000, 0x0000000086a00000|  0%| F|  |TAMS 0x0000000086900000, 0x0000000086900000| Untracked 
| 106|0x0000000086a00000, 0x0000000086a00000, 0x0000000086b00000|  0%| F|  |TAMS 0x0000000086a00000, 0x0000000086a00000| Untracked 
| 107|0x0000000086b00000, 0x0000000086b00000, 0x0000000086c00000|  0%| F|  |TAMS 0x0000000086b00000, 0x0000000086b00000| Untracked 
| 108|0x0000000086c00000, 0x0000000086c00000, 0x0000000086d00000|  0%| F|  |TAMS 0x0000000086c00000, 0x0000000086c00000| Untracked 
| 109|0x0000000086d00000, 0x0000000086d00000, 0x0000000086e00000|  0%| F|  |TAMS 0x0000000086d00000, 0x0000000086d00000| Untracked 
| 110|0x0000000086e00000, 0x0000000086e00000, 0x0000000086f00000|  0%| F|  |TAMS 0x0000000086e00000, 0x0000000086e00000| Untracked 
| 111|0x0000000086f00000, 0x0000000086f00000, 0x0000000087000000|  0%| F|  |TAMS 0x0000000086f00000, 0x0000000086f00000| Untracked 
| 112|0x0000000087000000, 0x0000000087000000, 0x0000000087100000|  0%| F|  |TAMS 0x0000000087000000, 0x0000000087000000| Untracked 
| 113|0x0000000087100000, 0x0000000087100000, 0x0000000087200000|  0%| F|  |TAMS 0x0000000087100000, 0x0000000087100000| Untracked 
| 114|0x0000000087200000, 0x0000000087200000, 0x0000000087300000|  0%| F|  |TAMS 0x0000000087200000, 0x0000000087200000| Untracked 
| 115|0x0000000087300000, 0x0000000087300000, 0x0000000087400000|  0%| F|  |TAMS 0x0000000087300000, 0x0000000087300000| Untracked 
| 116|0x0000000087400000, 0x0000000087400000, 0x0000000087500000|  0%| F|  |TAMS 0x0000000087400000, 0x0000000087400000| Untracked 
| 117|0x0000000087500000, 0x0000000087500000, 0x0000000087600000|  0%| F|  |TAMS 0x0000000087500000, 0x0000000087500000| Untracked 
| 118|0x0000000087600000, 0x0000000087600000, 0x0000000087700000|  0%| F|  |TAMS 0x0000000087600000, 0x0000000087600000| Untracked 
| 119|0x0000000087700000, 0x0000000087700000, 0x0000000087800000|  0%| F|  |TAMS 0x0000000087700000, 0x0000000087700000| Untracked 
| 120|0x0000000087800000, 0x0000000087800000, 0x0000000087900000|  0%| F|  |TAMS 0x0000000087800000, 0x0000000087800000| Untracked 
| 121|0x0000000087900000, 0x0000000087900000, 0x0000000087a00000|  0%| F|  |TAMS 0x0000000087900000, 0x0000000087900000| Untracked 
| 122|0x0000000087a00000, 0x0000000087a00000, 0x0000000087b00000|  0%| F|  |TAMS 0x0000000087a00000, 0x0000000087a00000| Untracked 
| 123|0x0000000087b00000, 0x0000000087b00000, 0x0000000087c00000|  0%| F|  |TAMS 0x0000000087b00000, 0x0000000087b00000| Untracked 
| 124|0x0000000087c00000, 0x0000000087c00000, 0x0000000087d00000|  0%| F|  |TAMS 0x0000000087c00000, 0x0000000087c00000| Untracked 
| 125|0x0000000087d00000, 0x0000000087dcfba0, 0x0000000087e00000| 81%| S|CS|TAMS 0x0000000087d00000, 0x0000000087d00000| Complete 
| 126|0x0000000087e00000, 0x0000000087e00000, 0x0000000087f00000|  0%| F|  |TAMS 0x0000000087e00000, 0x0000000087e00000| Untracked 
| 127|0x0000000087f00000, 0x0000000087f00000, 0x0000000088000000|  0%| F|  |TAMS 0x0000000087f00000, 0x0000000087f00000| Untracked 
| 128|0x0000000088000000, 0x0000000088000000, 0x0000000088100000|  0%| F|  |TAMS 0x0000000088000000, 0x0000000088000000| Untracked 
| 129|0x0000000088100000, 0x0000000088100000, 0x0000000088200000|  0%| F|  |TAMS 0x0000000088100000, 0x0000000088100000| Untracked 
| 130|0x0000000088200000, 0x0000000088200000, 0x0000000088300000|  0%| F|  |TAMS 0x0000000088200000, 0x0000000088200000| Untracked 
| 131|0x0000000088300000, 0x0000000088300000, 0x0000000088400000|  0%| F|  |TAMS 0x0000000088300000, 0x0000000088300000| Untracked 
| 132|0x0000000088400000, 0x0000000088400000, 0x0000000088500000|  0%| F|  |TAMS 0x0000000088400000, 0x0000000088400000| Untracked 
| 133|0x0000000088500000, 0x0000000088500000, 0x0000000088600000|  0%| F|  |TAMS 0x0000000088500000, 0x0000000088500000| Untracked 
| 134|0x0000000088600000, 0x0000000088600000, 0x0000000088700000|  0%| F|  |TAMS 0x0000000088600000, 0x0000000088600000| Untracked 
| 135|0x0000000088700000, 0x0000000088700000, 0x0000000088800000|  0%| F|  |TAMS 0x0000000088700000, 0x0000000088700000| Untracked 
| 136|0x0000000088800000, 0x0000000088800000, 0x0000000088900000|  0%| F|  |TAMS 0x0000000088800000, 0x0000000088800000| Untracked 
| 137|0x0000000088900000, 0x0000000088900000, 0x0000000088a00000|  0%| F|  |TAMS 0x0000000088900000, 0x0000000088900000| Untracked 
| 138|0x0000000088a00000, 0x0000000088a00000, 0x0000000088b00000|  0%| F|  |TAMS 0x0000000088a00000, 0x0000000088a00000| Untracked 
| 139|0x0000000088b00000, 0x0000000088b00000, 0x0000000088c00000|  0%| F|  |TAMS 0x0000000088b00000, 0x0000000088b00000| Untracked 
| 140|0x0000000088c00000, 0x0000000088c00000, 0x0000000088d00000|  0%| F|  |TAMS 0x0000000088c00000, 0x0000000088c00000| Untracked 
| 141|0x0000000088d00000, 0x0000000088d00000, 0x0000000088e00000|  0%| F|  |TAMS 0x0000000088d00000, 0x0000000088d00000| Untracked 
| 142|0x0000000088e00000, 0x0000000088e00000, 0x0000000088f00000|  0%| F|  |TAMS 0x0000000088e00000, 0x0000000088e00000| Untracked 
| 143|0x0000000088f00000, 0x0000000089000000, 0x0000000089000000|100%| E|  |TAMS 0x0000000088f00000, 0x0000000088f00000| Complete 
| 144|0x0000000089000000, 0x0000000089100000, 0x0000000089100000|100%| E|CS|TAMS 0x0000000089000000, 0x0000000089000000| Complete 
| 145|0x0000000089100000, 0x0000000089200000, 0x0000000089200000|100%| E|CS|TAMS 0x0000000089100000, 0x0000000089100000| Complete 
| 146|0x0000000089200000, 0x0000000089300000, 0x0000000089300000|100%| E|CS|TAMS 0x0000000089200000, 0x0000000089200000| Complete 
| 147|0x0000000089300000, 0x0000000089400000, 0x0000000089400000|100%| E|CS|TAMS 0x0000000089300000, 0x0000000089300000| Complete 
| 148|0x0000000089400000, 0x0000000089500000, 0x0000000089500000|100%| E|CS|TAMS 0x0000000089400000, 0x0000000089400000| Complete 
| 149|0x0000000089500000, 0x0000000089600000, 0x0000000089600000|100%| E|CS|TAMS 0x0000000089500000, 0x0000000089500000| Complete 
| 150|0x0000000089600000, 0x0000000089700000, 0x0000000089700000|100%| E|CS|TAMS 0x0000000089600000, 0x0000000089600000| Complete 
| 151|0x0000000089700000, 0x0000000089800000, 0x0000000089800000|100%| E|CS|TAMS 0x0000000089700000, 0x0000000089700000| Complete 
| 152|0x0000000089800000, 0x0000000089900000, 0x0000000089900000|100%| E|CS|TAMS 0x0000000089800000, 0x0000000089800000| Complete 
| 153|0x0000000089900000, 0x0000000089a00000, 0x0000000089a00000|100%| E|CS|TAMS 0x0000000089900000, 0x0000000089900000| Complete 

Card table byte_map: [0x000001d7966b0000,0x000001d796ab0000] _byte_map_base: 0x000001d7962b0000

Marking Bits (Prev, Next): (CMBitMap*) 0x000001d7819fc9a8, (CMBitMap*) 0x000001d7819fc9e0
 Prev Bits: [0x000001d796eb0000, 0x000001d798eb0000)
 Next Bits: [0x000001d798eb0000, 0x000001d79aeb0000)

Polling page: 0x000001d781880000

Metaspace:

Usage:
  Non-class:     78.22 MB capacity,    76.83 MB ( 98%) used,     1.15 MB (  1%) free+waste,   240.31 KB ( <1%) overhead. 
      Class:     11.99 MB capacity,    11.23 MB ( 94%) used,   675.59 KB (  6%) free+waste,   108.06 KB ( <1%) overhead. 
       Both:     90.21 MB capacity,    88.06 MB ( 98%) used,     1.81 MB (  2%) free+waste,   348.38 KB ( <1%) overhead. 

Virtual space:
  Non-class space:       80.00 MB reserved,      78.25 MB ( 98%) committed 
      Class space:        1.00 GB reserved,      12.07 MB (  1%) committed 
             Both:        1.08 GB reserved,      90.32 MB (  8%) committed 

Chunk freelists:
   Non-Class:  35.00 KB
       Class:  7.00 KB
        Both:  42.00 KB

MaxMetaspaceSize: 17179869184.00 GB
CompressedClassSpaceSize: 1.00 GB

CodeHeap 'non-profiled nmethods': size=120064Kb used=7113Kb max_used=7113Kb free=112950Kb
 bounds [0x000001d78e750000, 0x000001d78ee50000, 0x000001d795c90000]
CodeHeap 'profiled nmethods': size=120000Kb used=23953Kb max_used=23953Kb free=96046Kb
 bounds [0x000001d787220000, 0x000001d788990000, 0x000001d78e750000]
CodeHeap 'non-nmethods': size=5696Kb used=2289Kb max_used=2339Kb free=3406Kb
 bounds [0x000001d786c90000, 0x000001d786f00000, 0x000001d787220000]
 total_blobs=11735 nmethods=10840 adapters=805
 compilation: enabled
              stopped_count=0, restarted_count=0
 full_count=0

Compilation events (20 events):
Event: 44.680 Thread 0x000001d79d522800 nmethod 10881 0x000001d78896db10 code [0x000001d78896dde0, 0x000001d78896ebc8]
Event: 44.681 Thread 0x000001d79d522800 10882       3       kotlin.reflect.jvm.internal.impl.serialization.deserialization.ClassDeserializer$ClassKey::<init> (21 bytes)
Event: 44.681 Thread 0x000001d79d522800 nmethod 10882 0x000001d78896f090 code [0x000001d78896f2c0, 0x000001d78896f978]
Event: 44.681 Thread 0x000001d79d522800 10880       3       kotlin.reflect.jvm.internal.impl.metadata.deserialization.BinaryVersion::<init> (134 bytes)
Event: 44.686 Thread 0x000001d79d522800 nmethod 10880 0x000001d78896fc10 code [0x000001d7889702a0, 0x000001d788973358]
Event: 44.686 Thread 0x000001d79d522800 10877       3       java.lang.Class::isTopLevelClass (20 bytes)
Event: 44.686 Thread 0x000001d79d522800 nmethod 10877 0x000001d788974410 code [0x000001d788974600, 0x000001d788974928]
Event: 44.686 Thread 0x000001d79d522800 10883       3       kotlin.reflect.jvm.internal.impl.name.FqNameUnsafe::topLevel (28 bytes)
Event: 44.687 Thread 0x000001d79d522800 nmethod 10883 0x000001d788974a90 code [0x000001d788974ca0, 0x000001d788975278]
Event: 44.687 Thread 0x000001d79d522800 10885       1       kotlin.reflect.jvm.internal.impl.serialization.deserialization.descriptors.DeserializedClassDescriptor::getSource (5 bytes)
Event: 44.687 Thread 0x000001d79d522800 nmethod 10885 0x000001d78ee3ef10 code [0x000001d78ee3f0c0, 0x000001d78ee3f178]
Event: 44.687 Thread 0x000001d79d522800 10886       1       kotlin.reflect.jvm.internal.impl.load.kotlin.KotlinJvmBinarySourceElement::getBinaryClass (5 bytes)
Event: 44.688 Thread 0x000001d79d522800 nmethod 10886 0x000001d78ee3f210 code [0x000001d78ee3f3c0, 0x000001d78ee3f478]
Event: 44.688 Thread 0x000001d79d522800 10887       1       kotlin.reflect.jvm.internal.impl.descriptors.runtime.components.ReflectKotlinClass::getKlass (5 bytes)
Event: 44.688 Thread 0x000001d79d522800 nmethod 10887 0x000001d78ee3f510 code [0x000001d78ee3f6c0, 0x000001d78ee3f778]
Event: 44.688 Thread 0x000001d79d522800 10884       3       kotlin.reflect.jvm.internal.impl.storage.LockBasedStorageManager$MapBasedMemoizedFunction::<init> (44 bytes)
Event: 44.688 Thread 0x000001d79d522800 nmethod 10884 0x000001d788975490 code [0x000001d788975680, 0x000001d788975a68]
Event: 44.699 Thread 0x000001d79d522800 10888       3       kotlin.reflect.jvm.internal.impl.name.ClassId::getRelativeClassName (14 bytes)
Event: 44.699 Thread 0x000001d79d522800 nmethod 10888 0x000001d788975b90 code [0x000001d788975d40, 0x000001d788975ec8]
Event: 44.701 Thread 0x000001d79d522800 10889       3       kotlin.reflect.jvm.internal.impl.serialization.deserialization.descriptors.DeserializedMemberScope::getClassNames$deserialization (17 bytes)

GC Heap History (20 events):
Event: 34.411 GC heap before
{Heap before GC invocations=17 (full 0):
 garbage-first heap   total 157696K, used 118892K [0x0000000080000000, 0x0000000100000000)
  region size 1024K, 65 young (66560K), 8 survivors (8192K)
 Metaspace       used 81301K, capacity 83441K, committed 83532K, reserved 1122304K
  class space    used 10508K, capacity 11265K, committed 11340K, reserved 1048576K
}
Event: 34.435 GC heap after
{Heap after GC invocations=18 (full 0):
 garbage-first heap   total 157696K, used 67584K [0x0000000080000000, 0x0000000100000000)
  region size 1024K, 9 young (9216K), 9 survivors (9216K)
 Metaspace       used 81301K, capacity 83441K, committed 83532K, reserved 1122304K
  class space    used 10508K, capacity 11265K, committed 11340K, reserved 1048576K
}
Event: 37.510 GC heap before
{Heap before GC invocations=18 (full 0):
 garbage-first heap   total 157696K, used 121856K [0x0000000080000000, 0x0000000100000000)
  region size 1024K, 63 young (64512K), 9 survivors (9216K)
 Metaspace       used 82149K, capacity 84216K, committed 84300K, reserved 1122304K
  class space    used 10567K, capacity 11312K, committed 11340K, reserved 1048576K
}
Event: 37.532 GC heap after
{Heap after GC invocations=19 (full 0):
 garbage-first heap   total 157696K, used 72852K [0x0000000080000000, 0x0000000100000000)
  region size 1024K, 5 young (5120K), 5 survivors (5120K)
 Metaspace       used 82149K, capacity 84216K, committed 84300K, reserved 1122304K
  class space    used 10567K, capacity 11312K, committed 11340K, reserved 1048576K
}
Event: 39.406 GC heap before
{Heap before GC invocations=19 (full 0):
 garbage-first heap   total 157696K, used 127124K [0x0000000080000000, 0x0000000100000000)
  region size 1024K, 56 young (57344K), 5 survivors (5120K)
 Metaspace       used 83619K, capacity 85684K, committed 85836K, reserved 1124352K
  class space    used 10748K, capacity 11516K, committed 11596K, reserved 1048576K
}
Event: 39.436 GC heap after
{Heap after GC invocations=20 (full 0):
 garbage-first heap   total 157696K, used 88445K [0x0000000080000000, 0x0000000100000000)
  region size 1024K, 7 young (7168K), 7 survivors (7168K)
 Metaspace       used 83619K, capacity 85684K, committed 85836K, reserved 1124352K
  class space    used 10748K, capacity 11516K, committed 11596K, reserved 1048576K
}
Event: 40.365 GC heap before
{Heap before GC invocations=20 (full 0):
 garbage-first heap   total 157696K, used 107901K [0x0000000080000000, 0x0000000100000000)
  region size 1024K, 27 young (27648K), 7 survivors (7168K)
 Metaspace       used 84059K, capacity 86173K, committed 86348K, reserved 1124352K
  class space    used 10784K, capacity 11551K, committed 11596K, reserved 1048576K
}
Event: 40.400 GC heap after
{Heap after GC invocations=21 (full 0):
 garbage-first heap   total 157696K, used 96256K [0x0000000080000000, 0x0000000100000000)
  region size 1024K, 5 young (5120K), 5 survivors (5120K)
 Metaspace       used 84059K, capacity 86173K, committed 86348K, reserved 1124352K
  class space    used 10784K, capacity 11551K, committed 11596K, reserved 1048576K
}
Event: 41.009 GC heap before
{Heap before GC invocations=22 (full 0):
 garbage-first heap   total 157696K, used 99328K [0x0000000080000000, 0x0000000100000000)
  region size 1024K, 6 young (6144K), 5 survivors (5120K)
 Metaspace       used 84034K, capacity 86132K, committed 86348K, reserved 1124352K
  class space    used 10776K, capacity 11537K, committed 11596K, reserved 1048576K
}
Event: 41.024 GC heap after
{Heap after GC invocations=23 (full 0):
 garbage-first heap   total 157696K, used 98804K [0x0000000080000000, 0x0000000100000000)
  region size 1024K, 1 young (1024K), 1 survivors (1024K)
 Metaspace       used 84034K, capacity 86132K, committed 86348K, reserved 1124352K
  class space    used 10776K, capacity 11537K, committed 11596K, reserved 1048576K
}
Event: 41.927 GC heap before
{Heap before GC invocations=24 (full 0):
 garbage-first heap   total 157696K, used 126452K [0x0000000080000000, 0x0000000100000000)
  region size 1024K, 17 young (17408K), 1 survivors (1024K)
 Metaspace       used 85641K, capacity 87812K, committed 88140K, reserved 1126400K
  class space    used 10950K, capacity 11749K, committed 11852K, reserved 1048576K
}
Event: 41.933 GC heap after
{Heap after GC invocations=25 (full 0):
 garbage-first heap   total 157696K, used 101291K [0x0000000080000000, 0x0000000100000000)
  region size 1024K, 1 young (1024K), 1 survivors (1024K)
 Metaspace       used 85641K, capacity 87812K, committed 88140K, reserved 1126400K
  class space    used 10950K, capacity 11749K, committed 11852K, reserved 1048576K
}
Event: 42.736 GC heap before
{Heap before GC invocations=25 (full 0):
 garbage-first heap   total 157696K, used 118699K [0x0000000080000000, 0x0000000100000000)
  region size 1024K, 19 young (19456K), 1 survivors (1024K)
 Metaspace       used 86430K, capacity 88577K, committed 88652K, reserved 1126400K
  class space    used 11036K, capacity 11826K, committed 11852K, reserved 1048576K
}
Event: 42.743 GC heap after
{Heap after GC invocations=26 (full 0):
 garbage-first heap   total 157696K, used 102017K [0x0000000080000000, 0x0000000100000000)
  region size 1024K, 2 young (2048K), 2 survivors (2048K)
 Metaspace       used 86430K, capacity 88577K, committed 88652K, reserved 1126400K
  class space    used 11036K, capacity 11826K, committed 11852K, reserved 1048576K
}
Event: 43.651 GC heap before
{Heap before GC invocations=27 (full 0):
 garbage-first heap   total 157696K, used 114305K [0x0000000080000000, 0x0000000100000000)
  region size 1024K, 21 young (21504K), 2 survivors (2048K)
 Metaspace       used 87371K, capacity 89465K, committed 89548K, reserved 1126400K
  class space    used 11146K, capacity 11930K, committed 11980K, reserved 1048576K
}
Event: 43.658 GC heap after
{Heap after GC invocations=28 (full 0):
 garbage-first heap   total 157696K, used 95774K [0x0000000080000000, 0x0000000100000000)
  region size 1024K, 1 young (1024K), 1 survivors (1024K)
 Metaspace       used 87371K, capacity 89465K, committed 89548K, reserved 1126400K
  class space    used 11146K, capacity 11930K, committed 11980K, reserved 1048576K
}
Event: 43.795 GC heap before
{Heap before GC invocations=28 (full 0):
 garbage-first heap   total 157696K, used 101918K [0x0000000080000000, 0x0000000100000000)
  region size 1024K, 7 young (7168K), 1 survivors (1024K)
 Metaspace       used 87701K, capacity 89753K, committed 89804K, reserved 1126400K
  class space    used 11200K, capacity 11962K, committed 11980K, reserved 1048576K
}
Event: 43.810 GC heap after
{Heap after GC invocations=29 (full 0):
 garbage-first heap   total 157696K, used 86884K [0x0000000080000000, 0x0000000100000000)
  region size 1024K, 1 young (1024K), 1 survivors (1024K)
 Metaspace       used 87701K, capacity 89753K, committed 89804K, reserved 1126400K
  class space    used 11200K, capacity 11962K, committed 11980K, reserved 1048576K
}
Event: 44.355 GC heap before
{Heap before GC invocations=29 (full 0):
 garbage-first heap   total 157696K, used 114532K [0x0000000080000000, 0x0000000100000000)
  region size 1024K, 28 young (28672K), 1 survivors (1024K)
 Metaspace       used 89636K, capacity 91737K, committed 91852K, reserved 1128448K
  class space    used 11451K, capacity 12218K, committed 12236K, reserved 1048576K
}
Event: 44.361 GC heap after
{Heap after GC invocations=30 (full 0):
 garbage-first heap   total 157696K, used 87335K [0x0000000080000000, 0x0000000100000000)
  region size 1024K, 1 young (1024K), 1 survivors (1024K)
 Metaspace       used 89636K, capacity 91737K, committed 91852K, reserved 1128448K
  class space    used 11451K, capacity 12218K, committed 12236K, reserved 1048576K
}

Deoptimization events (20 events):
Event: 43.369 Thread 0x000001d79e585000 DEOPT PACKING pc=0x000001d788769827 sp=0x00000077c39f6a60
Event: 43.369 Thread 0x000001d79e585000 DEOPT UNPACKING pc=0x000001d786cb76ce sp=0x00000077c39f5fd8 mode 0
Event: 43.394 Thread 0x000001d79e585000 DEOPT PACKING pc=0x000001d788769827 sp=0x00000077c39f6b60
Event: 43.394 Thread 0x000001d79e585000 DEOPT UNPACKING pc=0x000001d786cb76ce sp=0x00000077c39f60d8 mode 0
Event: 43.395 Thread 0x000001d79e585000 DEOPT PACKING pc=0x000001d788769827 sp=0x00000077c39f6b60
Event: 43.395 Thread 0x000001d79e585000 DEOPT UNPACKING pc=0x000001d786cb76ce sp=0x00000077c39f60d8 mode 0
Event: 43.397 Thread 0x000001d79e585000 DEOPT PACKING pc=0x000001d788769827 sp=0x00000077c39f6b60
Event: 43.397 Thread 0x000001d79e585000 DEOPT UNPACKING pc=0x000001d786cb76ce sp=0x00000077c39f60d8 mode 0
Event: 43.397 Thread 0x000001d79e585000 DEOPT PACKING pc=0x000001d788769827 sp=0x00000077c39f6b60
Event: 43.397 Thread 0x000001d79e585000 DEOPT UNPACKING pc=0x000001d786cb76ce sp=0x00000077c39f60d8 mode 0
Event: 43.457 Thread 0x000001d7a16a3000 Uncommon trap: trap_request=0xffffff4d fr.pc=0x000001d78ec9e2e0 relative=0x0000000000000900
Event: 43.457 Thread 0x000001d7a16a3000 Uncommon trap: reason=unstable_if action=reinterpret pc=0x000001d78ec9e2e0 method=com.google.common.collect.MapMakerInternalMap$Segment.drainKeyReferenceQueue(Ljava/lang/ref/ReferenceQueue;)V @ 8 c2
Event: 43.457 Thread 0x000001d7a16a3000 DEOPT PACKING pc=0x000001d78ec9e2e0 sp=0x00000077c5bfdde0
Event: 43.457 Thread 0x000001d7a16a3000 DEOPT UNPACKING pc=0x000001d786cb78af sp=0x00000077c5bfda38 mode 2
Event: 43.523 Thread 0x000001d79e585000 Uncommon trap: trap_request=0xffffff4d fr.pc=0x000001d78ec2a084 relative=0x00000000000000c4
Event: 43.523 Thread 0x000001d79e585000 Uncommon trap: reason=unstable_if action=reinterpret pc=0x000001d78ec2a084 method=com.google.gson.stream.JsonReader.nextString()Ljava/lang/String; @ 6 c2
Event: 43.523 Thread 0x000001d79e585000 DEOPT PACKING pc=0x000001d78ec2a084 sp=0x00000077c39f6d20
Event: 43.523 Thread 0x000001d79e585000 DEOPT UNPACKING pc=0x000001d786cb78af sp=0x00000077c39f6cb0 mode 2
Event: 44.098 Thread 0x000001d79e585000 DEOPT PACKING pc=0x000001d7887719f6 sp=0x00000077c39f4360
Event: 44.098 Thread 0x000001d79e585000 DEOPT UNPACKING pc=0x000001d786cb76ce sp=0x00000077c39f3880 mode 0

Classes redefined (0 events):
No events

Internal exceptions (20 events):
Event: 33.433 Thread 0x000001d7a0aa0800 Exception <a 'java/lang/NoSuchMethodError'{0x00000000870656e8}: <clinit>> (0x00000000870656e8) thrown at [./src/hotspot/share/prims/jni.cpp, line 1362]
Event: 33.433 Thread 0x000001d7a0aa0800 Exception <a 'java/lang/NoSuchMethodError'{0x0000000087066e60}: <clinit>> (0x0000000087066e60) thrown at [./src/hotspot/share/prims/jni.cpp, line 1362]
Event: 33.462 Thread 0x000001d7a1ab4000 Exception <a 'java/lang/NoSuchMethodError'{0x0000000087f891f8}: <clinit>> (0x0000000087f891f8) thrown at [./src/hotspot/share/prims/jni.cpp, line 1362]
Event: 33.488 Thread 0x000001d7a1ab4000 Exception <a 'java/lang/NoSuchMethodError'{0x0000000087f9d768}: <clinit>> (0x0000000087f9d768) thrown at [./src/hotspot/share/prims/jni.cpp, line 1362]
Event: 33.495 Thread 0x000001d7a1ab4000 Exception <a 'java/lang/NoSuchMethodError'{0x0000000086e9ab10}: <clinit>> (0x0000000086e9ab10) thrown at [./src/hotspot/share/prims/jni.cpp, line 1362]
Event: 33.617 Thread 0x000001d7a0aa0800 Exception <a 'java/lang/NoSuchMethodError'{0x0000000086b8a848}: <clinit>> (0x0000000086b8a848) thrown at [./src/hotspot/share/prims/jni.cpp, line 1362]
Event: 33.710 Thread 0x000001d79e585000 Exception <a 'java/lang/NoSuchMethodError'{0x0000000086a34570}: 'java.lang.Object java.lang.invoke.Invokers$Holder.linkToTargetMethod(java.lang.Object, java.lang.Object, java.lang.Object, int, java.lang.Object, java.lang.Object)'> (0x0000000086a34570) thrown at [./src/hotspot/share/interpreter/linkResolver.cpp, line 773]
Event: 33.732 Thread 0x000001d79e585000 Exception <a 'java/lang/IncompatibleClassChangeError'{0x0000000086a9c1c8}: Found class java.lang.Object, but interface was expected> (0x0000000086a9c1c8) thrown at [./src/hotspot/share/interpreter/linkResolver.cpp, line 839]
Event: 33.768 Thread 0x000001d79e585000 Exception <a 'java/lang/NoSuchMethodError'{0x000000008688e090}: 'int java.lang.invoke.DirectMethodHandle$Holder.invokeStaticInit(java.lang.Object, java.lang.Object, java.lang.Object, java.lang.Object, java.lang.Object)'> (0x000000008688e090) thrown at [./src/hotspot/share/interpreter/linkResolver.cpp, line 773]
Event: 34.770 Thread 0x000001d7a1ab6800 Exception <a 'java/lang/NoSuchMethodError'{0x0000000089294958}: 'java.lang.Object java.lang.invoke.DirectMethodHandle$Holder.invokeSpecialIFC(java.lang.Object, java.lang.Object, java.lang.Object)'> (0x0000000089294958) thrown at [./src/hotspot/share/interpreter/linkResolver.cpp, line 773]
Event: 34.770 Thread 0x000001d79e585000 Exception <a 'java/lang/NoSuchMethodError'{0x000000008935a908}: 'java.lang.Object java.lang.invoke.DirectMethodHandle$Holder.invokeSpecialIFC(java.lang.Object, java.lang.Object, java.lang.Object)'> (0x000000008935a908) thrown at [./src/hotspot/share/interpreter/linkResolver.cpp, line 773]
Event: 36.164 Thread 0x000001d7a1ab7000 Exception <a 'java/lang/NoSuchMethodError'{0x0000000087f2b008}: 'void java.lang.invoke.DirectMethodHandle$Holder.invokeVirtual(java.lang.Object, java.lang.Object)'> (0x0000000087f2b008) thrown at [./src/hotspot/share/interpreter/linkResolver.cpp, line 773]
Event: 38.067 Thread 0x000001d7a1ab7000 Implicit null exception at 0x000001d78ecef948 to 0x000001d78ecf0210
Event: 38.094 Thread 0x000001d7a1ab7000 Implicit null exception at 0x000001d78ecf1d52 to 0x000001d78ecf2158
Event: 39.051 Thread 0x000001d7a16a9000 Implicit null exception at 0x000001d78ea67984 to 0x000001d78ea67b7c
Event: 41.409 Thread 0x000001d7a16a9000 Exception <a 'java/lang/NoSuchMethodError'{0x0000000089693aa8}: <clinit>> (0x0000000089693aa8) thrown at [./src/hotspot/share/prims/jni.cpp, line 1362]
Event: 41.416 Thread 0x000001d7a16a9000 Exception <a 'java/lang/NoSuchMethodError'{0x00000000896bc680}: <clinit>> (0x00000000896bc680) thrown at [./src/hotspot/share/prims/jni.cpp, line 1362]
Event: 41.904 Thread 0x000001d7a16a9000 Exception <a 'java/lang/NoSuchMethodError'{0x00000000889319c8}: 'void java.lang.invoke.DirectMethodHandle$Holder.invokeStatic(java.lang.Object, java.lang.Object, java.lang.Object, java.lang.Object, java.lang.Object, java.lang.Object, java.lang.Object)'> (0x00000000889319c8) thrown at [./src/hotspot/share/interpreter/linkResolver.cpp, line 773]
Event: 43.038 Thread 0x000001d79e585000 Implicit null exception at 0x000001d78edfcfec to 0x000001d78edfd79c
Event: 43.046 Thread 0x000001d79e585000 Implicit null exception at 0x000001d78eb2ff94 to 0x000001d78eb30560

Events (20 events):
Event: 44.433 loading class kotlin/reflect/jvm/internal/impl/serialization/deserialization/descriptors/DeserializedMemberScope$classifierNamesLazy$2
Event: 44.433 loading class kotlin/reflect/jvm/internal/impl/serialization/deserialization/descriptors/DeserializedMemberScope$classifierNamesLazy$2 done
Event: 44.434 loading class kotlin/reflect/jvm/internal/impl/serialization/deserialization/descriptors/DeserializedClassDescriptor$DeserializedClassMemberScope$allDescriptors$1
Event: 44.434 loading class kotlin/reflect/jvm/internal/impl/serialization/deserialization/descriptors/DeserializedClassDescriptor$DeserializedClassMemberScope$allDescriptors$1 done
Event: 44.434 loading class kotlin/reflect/jvm/internal/impl/serialization/deserialization/descriptors/DeserializedClassDescriptor$DeserializedClassMemberScope$refinedSupertypes$1
Event: 44.434 loading class kotlin/reflect/jvm/internal/impl/serialization/deserialization/descriptors/DeserializedClassDescriptor$DeserializedClassMemberScope$refinedSupertypes$1 done
Event: 44.441 loading class com/android/build/api/artifact/SingleArtifact$PUBLIC_ANDROID_RESOURCES_LIST
Event: 44.441 loading class com/android/build/api/artifact/SingleArtifact$PUBLIC_ANDROID_RESOURCES_LIST done
Event: 44.442 loading class kotlin/reflect/jvm/internal/UtilKt
Event: 44.442 loading class kotlin/reflect/jvm/internal/UtilKt done
Event: 44.445 loading class kotlin/reflect/jvm/internal/impl/resolve/scopes/InnerClassesScopeWrapper
Event: 44.445 loading class kotlin/reflect/jvm/internal/impl/resolve/scopes/InnerClassesScopeWrapper done
Event: 44.449 loading class kotlin/reflect/jvm/internal/impl/serialization/deserialization/descriptors/NonEmptyDeserializedAnnotations
Event: 44.449 loading class kotlin/reflect/jvm/internal/impl/serialization/deserialization/descriptors/NonEmptyDeserializedAnnotations done
Event: 44.450 loading class kotlin/reflect/jvm/internal/impl/serialization/deserialization/descriptors/DeserializedClassDescriptor$annotations$1
Event: 44.450 loading class kotlin/reflect/jvm/internal/impl/serialization/deserialization/descriptors/DeserializedClassDescriptor$annotations$1 done
Event: 44.623 Executing VM operation: CGC_Operation
Event: 44.646 Executing VM operation: CGC_Operation done
Event: 44.681 loading class com/android/build/gradle/internal/scope/InternalArtifactType$MICRO_APK_MANIFEST_FILE
Event: 44.681 loading class com/android/build/gradle/internal/scope/InternalArtifactType$MICRO_APK_MANIFEST_FILE done


Dynamic libraries:
0x00007ff6e1390000 - 0x00007ff6e139a000 	C:\Program Files\Android\Android Studio\jre\bin\java.exe
0x00007fff35e50000 - 0x00007fff36045000 	C:\Windows\SYSTEM32\ntdll.dll
0x00007fff35a20000 - 0x00007fff35ade000 	C:\Windows\System32\KERNEL32.DLL
0x00007fff33a60000 - 0x00007fff33d28000 	C:\Windows\System32\KERNELBASE.dll
0x00007fff33d90000 - 0x00007fff33e90000 	C:\Windows\System32\ucrtbase.dll
0x00007fff2a420000 - 0x00007fff2a439000 	C:\Program Files\Android\Android Studio\jre\bin\jli.dll
0x00007fff35670000 - 0x00007fff35811000 	C:\Windows\System32\USER32.dll
0x00007fff33900000 - 0x00007fff33922000 	C:\Windows\System32\win32u.dll
0x00007fff341c0000 - 0x00007fff341eb000 	C:\Windows\System32\GDI32.dll
0x00007fff335b0000 - 0x00007fff336bd000 	C:\Windows\System32\gdi32full.dll
0x00007fff33930000 - 0x00007fff339cd000 	C:\Windows\System32\msvcp_win.dll
0x00007fff25db0000 - 0x00007fff25dc7000 	C:\Program Files\Android\Android Studio\jre\bin\VCRUNTIME140.dll
0x00007fff22070000 - 0x00007fff2230a000 	C:\Windows\WinSxS\amd64_microsoft.windows.common-controls_6595b64144ccf1df_6.0.19041.1110_none_60b5254171f9507e\COMCTL32.dll
0x00007fff35c10000 - 0x00007fff35cae000 	C:\Windows\System32\msvcrt.dll
0x00007fff35cb0000 - 0x00007fff35ce0000 	C:\Windows\System32\IMM32.DLL
0x00007fff0bb20000 - 0x00007fff0bbbd000 	C:\Program Files\Android\Android Studio\jre\bin\msvcp140.dll
0x00007ffeef760000 - 0x00007ffef022f000 	C:\Program Files\Android\Android Studio\jre\bin\server\jvm.dll
0x00007fff35510000 - 0x00007fff355bc000 	C:\Windows\System32\ADVAPI32.dll
0x00007fff34110000 - 0x00007fff341ab000 	C:\Windows\System32\sechost.dll
0x00007fff35ae0000 - 0x00007fff35c0a000 	C:\Windows\System32\RPCRT4.dll
0x00007fff341b0000 - 0x00007fff341b8000 	C:\Windows\System32\PSAPI.DLL
0x00007fff18f10000 - 0x00007fff18f19000 	C:\Windows\SYSTEM32\WSOCK32.dll
0x00007fff342a0000 - 0x00007fff3430b000 	C:\Windows\System32\WS2_32.dll
0x00007fff1ae10000 - 0x00007fff1ae37000 	C:\Windows\SYSTEM32\WINMM.dll
0x00007fff1b910000 - 0x00007fff1b91a000 	C:\Windows\SYSTEM32\VERSION.dll
0x00007fff31de0000 - 0x00007fff31df2000 	C:\Windows\SYSTEM32\kernel.appcore.dll
0x00007fff2b5f0000 - 0x00007fff2b601000 	C:\Program Files\Android\Android Studio\jre\bin\verify.dll
0x00007fff306b0000 - 0x00007fff30894000 	C:\Windows\SYSTEM32\DBGHELP.DLL
0x00007fff17ce0000 - 0x00007fff17d0c000 	C:\Windows\SYSTEM32\dbgcore.DLL
0x00007fff339d0000 - 0x00007fff33a52000 	C:\Windows\System32\bcryptPrimitives.dll
0x00007fff25d60000 - 0x00007fff25d89000 	C:\Program Files\Android\Android Studio\jre\bin\java.dll
0x00007fff29990000 - 0x00007fff2999b000 	C:\Program Files\Android\Android Studio\jre\bin\jimage.dll
0x00007fff29130000 - 0x00007fff29148000 	C:\Program Files\Android\Android Studio\jre\bin\zip.dll
0x00007fff343c0000 - 0x00007fff34b04000 	C:\Windows\System32\SHELL32.dll
0x00007fff310a0000 - 0x00007fff31834000 	C:\Windows\SYSTEM32\windows.storage.dll
0x00007fff34b20000 - 0x00007fff34e75000 	C:\Windows\System32\combase.dll
0x00007fff32ee0000 - 0x00007fff32f0e000 	C:\Windows\SYSTEM32\Wldp.dll
0x00007fff34310000 - 0x00007fff343bd000 	C:\Windows\System32\SHCORE.dll
0x00007fff34050000 - 0x00007fff340a5000 	C:\Windows\System32\shlwapi.dll
0x00007fff334a0000 - 0x00007fff334bf000 	C:\Windows\SYSTEM32\profapi.dll
0x00007fff25d40000 - 0x00007fff25d5a000 	C:\Program Files\Android\Android Studio\jre\bin\net.dll
0x00007fff24b40000 - 0x00007fff24c4c000 	C:\Windows\SYSTEM32\WINHTTP.dll
0x00007fff32c40000 - 0x00007fff32caa000 	C:\Windows\system32\mswsock.dll
0x00007fff25d20000 - 0x00007fff25d34000 	C:\Program Files\Android\Android Studio\jre\bin\nio.dll
0x00007fff2b680000 - 0x00007fff2b6a7000 	C:\Users\ak47j\.gradle\native\8bec1ad78214c89d9ad589b4d07fe93259594b29d510b10fafb7a158f7737e5d\windows-amd64\native-platform.dll
0x00007fff0fbf0000 - 0x00007fff0fd2d000 	C:\Users\ak47j\.gradle\native\53dbd7edfb1c66fb8903c78663c9afc45aea4f116125fa6feffd364cf09443e8\windows-amd64\native-platform-file-events.dll
0x00007fff29980000 - 0x00007fff2998a000 	C:\Program Files\Android\Android Studio\jre\bin\management.dll
0x00007fff25d10000 - 0x00007fff25d1c000 	C:\Program Files\Android\Android Studio\jre\bin\management_ext.dll
0x00007fff32e30000 - 0x00007fff32e48000 	C:\Windows\SYSTEM32\CRYPTSP.dll
0x00007fff325c0000 - 0x00007fff325f4000 	C:\Windows\system32\rsaenh.dll
0x00007fff338d0000 - 0x00007fff338f7000 	C:\Windows\System32\bcrypt.dll
0x00007fff33460000 - 0x00007fff3348e000 	C:\Windows\SYSTEM32\USERENV.dll
0x00007fff32e50000 - 0x00007fff32e5c000 	C:\Windows\SYSTEM32\CRYPTBASE.dll
0x00007fff32930000 - 0x00007fff3296b000 	C:\Windows\SYSTEM32\IPHLPAPI.DLL
0x00007fff35ce0000 - 0x00007fff35ce8000 	C:\Windows\System32\NSI.dll
0x00007fff26c50000 - 0x00007fff26c67000 	C:\Windows\SYSTEM32\dhcpcsvc6.DLL
0x00007fff26ea0000 - 0x00007fff26ebd000 	C:\Windows\SYSTEM32\dhcpcsvc.DLL
0x00007fff32970000 - 0x00007fff32a3b000 	C:\Windows\SYSTEM32\DNSAPI.dll

dbghelp: loaded successfully - version: 4.0.5 - missing functions: none
symbol engine: initialized successfully - sym options: 0x614 - pdb path: .;C:\Program Files\Android\Android Studio\jre\bin;C:\Windows\SYSTEM32;C:\Windows\WinSxS\amd64_microsoft.windows.common-controls_6595b64144ccf1df_6.0.19041.1110_none_60b5254171f9507e;C:\Program Files\Android\Android Studio\jre\bin\server;C:\Users\ak47j\.gradle\native\8bec1ad78214c89d9ad589b4d07fe93259594b29d510b10fafb7a158f7737e5d\windows-amd64;C:\Users\ak47j\.gradle\native\53dbd7edfb1c66fb8903c78663c9afc45aea4f116125fa6feffd364cf09443e8\windows-amd64

VM Arguments:
jvm_args: --add-opens=java.base/java.util=ALL-UNNAMED --add-opens=java.base/java.lang=ALL-UNNAMED --add-opens=java.base/java.lang.invoke=ALL-UNNAMED --add-opens=java.base/java.util=ALL-UNNAMED --add-opens=java.prefs/java.util.prefs=ALL-UNNAMED --add-opens=java.prefs/java.util.prefs=ALL-UNNAMED --add-opens=java.base/java.nio.charset=ALL-UNNAMED --add-opens=java.base/java.net=ALL-UNNAMED --add-opens=java.base/java.util.concurrent.atomic=ALL-UNNAMED -Xmx2048m -Dfile.encoding=UTF-8 -Duser.country=US -Duser.language=en -Duser.variant 
java_command: org.gradle.launcher.daemon.bootstrap.GradleDaemon 7.0.2
java_class_path (initial): C:\Users\ak47j\.gradle\wrapper\dists\gradle-7.0.2-bin\857tjihv64xamwrf0h14cai3r\gradle-7.0.2\lib\gradle-launcher-7.0.2.jar
Launcher Type: SUN_STANDARD

[Global flags]
     intx CICompilerCount                          = 3                                         {product} {ergonomic}
     uint ConcGCThreads                            = 1                                         {product} {ergonomic}
     uint G1ConcRefinementThreads                  = 4                                         {product} {ergonomic}
   size_t G1HeapRegionSize                         = 1048576                                   {product} {ergonomic}
    uintx GCDrainStackTargetSize                   = 64                                        {product} {ergonomic}
   size_t InitialHeapSize                          = 134217728                                 {product} {ergonomic}
   size_t MarkStackSize                            = 4194304                                   {product} {ergonomic}
   size_t MaxHeapSize                              = 2147483648                                {product} {command line}
   size_t MaxNewSize                               = 1287651328                                {product} {ergonomic}
   size_t MinHeapDeltaBytes                        = 1048576                                   {product} {ergonomic}
    uintx NonNMethodCodeHeapSize                   = 5830732                                {pd product} {ergonomic}
    uintx NonProfiledCodeHeapSize                  = 122913754                              {pd product} {ergonomic}
    uintx ProfiledCodeHeapSize                     = 122913754                              {pd product} {ergonomic}
    uintx ReservedCodeCacheSize                    = 251658240                              {pd product} {ergonomic}
     bool SegmentedCodeCache                       = true                                      {product} {ergonomic}
     bool UseCompressedClassPointers               = true                                 {lp64_product} {ergonomic}
     bool UseCompressedOops                        = true                                 {lp64_product} {ergonomic}
     bool UseG1GC                                  = true                                      {product} {ergonomic}
     bool UseLargePagesIndividualAllocation        = false                                  {pd product} {ergonomic}

Logging:
Log output configuration:
 #0: stdout all=warning uptime,level,tags
 #1: stderr all=off uptime,level,tags

Environment Variables:
PATH=C:\Windows\system32;C:\Windows;C:\Windows\System32\Wbem;C:\Windows\System32\WindowsPowerShell\v1.0\;C:\Windows\System32\OpenSSH\;C:\Program Files\Git\cmd;C:\Users\ak47j\AppData\Local\Microsoft\WindowsApps;
USERNAME=ak47j
OS=Windows_NT
PROCESSOR_IDENTIFIER=Intel64 Family 6 Model 78 Stepping 3, GenuineIntel



---------------  S Y S T E M  ---------------

OS: Windows 10 , 64 bit Build 19041 (10.0.19041.1348)
OS uptime: 0 days 12:39 hours

CPU:total 4 (initial active 4) (2 cores per cpu, 2 threads per core) family 6 model 78 stepping 3 microcode 0xd4, cmov, cx8, fxsr, mmx, sse, sse2, sse3, ssse3, sse4.1, sse4.2, popcnt, avx, avx2, aes, clmul, erms, rtm, 3dnowpref, lzcnt, ht, tsc, tscinvbit, bmi1, bmi2, adx, fma

Memory: 4k page, system-wide physical 8071M (378M free)
TotalPageFile size 29376M (AvailPageFile size 1M)
current process WorkingSet (physical memory assigned to process): 402M, peak: 402M
current process commit charge ("private bytes"): 431M, peak: 432M

vm_info: OpenJDK 64-Bit Server VM (11.0.10+0-b96-7249189) for windows-amd64 JRE (11.0.10+0-b96-7249189), built on Mar 31 2021 21:44:00 by "builder" with MS VC++ 14.0 (VS2015)

END.
